<?xml version="1.0" encoding="UTF-8"?>
<!-- Generated by org.testng.reporters.JUnitReportReporter -->
<testsuite hostname="puneet" failures="0" tests="1" name="testcases.NaukriUpdateTest" time="30.006" errors="0" timestamp="20 Apr 2020 13:05:38 GMT" skipped="0">
  <testcase classname="testcases.NaukriUpdateTest" name="updateprofile" time="30.006"/>
</testsuite> <!-- testcases.NaukriUpdateTest -->
